<?xml version="1.0" encoding="UTF-8"?>
<!-- Generated by org.testng.reporters.JUnitReportReporter -->
<testsuite skipped="0" hostname="DESKTOP-96ICQHE" name="scripts.Connection_buy_test" tests="1" failures="0" timestamp="04 Oct 2018 03:35:37 GMT" time="56.385" errors="0">
  <testcase name="Connection_buy_test_method" time="56.385" classname="scripts.Connection_buy_test"/>
</testsuite> <!-- scripts.Connection_buy_test -->
