<?xml version="1.0" encoding="UTF-8"?>
<!-- Generated by org.testng.reporters.JUnitReportReporter -->
<testsuite skipped="0" hostname="DESKTOP-96ICQHE" name="scripts.Jobsby_company_test" tests="1" failures="0" timestamp="03 Oct 2018 05:36:35 GMT" time="66.279" errors="0">
  <testcase name="Jobsby_company_test" time="66.279" classname="scripts.Jobsby_company_test"/>
</testsuite> <!-- scripts.Jobsby_company_test -->
