<?xml version="1.0" encoding="UTF-8"?>
<!-- Generated by org.testng.reporters.JUnitReportReporter -->
<testsuite skipped="0" hostname="DESKTOP-96ICQHE" name="scripts.Searchjobtest" tests="1" failures="0" timestamp="03 Oct 2018 05:36:35 GMT" time="52.277" errors="0">
  <testcase name="Searchjobtest_method" time="52.277" classname="scripts.Searchjobtest"/>
</testsuite> <!-- scripts.Searchjobtest -->
