<?xml version="1.0" encoding="UTF-8"?>
<!-- Generated by org.testng.reporters.JUnitReportReporter -->
<testsuite skipped="0" hostname="DESKTOP-96ICQHE" name="scripts.LoginTest" tests="1" failures="0" timestamp="03 Oct 2018 05:36:35 GMT" time="31.762" errors="0">
  <testcase name="LoginTest_method" time="31.762" classname="scripts.LoginTest"/>
</testsuite> <!-- scripts.LoginTest -->
