<?xml version="1.0" encoding="UTF-8"?>
<!-- Generated by org.testng.reporters.JUnitReportReporter -->
<testsuite skipped="0" hostname="DESKTOP-96ICQHE" name="scripts.Interview_qus_test" tests="1" failures="0" timestamp="03 Oct 2018 05:36:35 GMT" time="45.607" errors="0">
  <testcase name="Interview_qus_test_method" time="45.607" classname="scripts.Interview_qus_test"/>
</testsuite> <!-- scripts.Interview_qus_test -->
