<?xml version="1.0" encoding="UTF-8"?>
<!-- Generated by org.testng.reporters.JUnitReportReporter -->
<testsuite skipped="0" hostname="DESKTOP-96ICQHE" name="scripts.Brows_allcomp_test" tests="1" failures="0" timestamp="03 Oct 2018 05:36:35 GMT" time="60.306" errors="0">
  <testcase name="Brows_allcomp_test_method" time="60.306" classname="scripts.Brows_allcomp_test"/>
</testsuite> <!-- scripts.Brows_allcomp_test -->
