<?xml version="1.0" encoding="UTF-8"?>
<!-- Generated by org.testng.reporters.JUnitReportReporter -->
<testsuite skipped="0" hostname="DESKTOP-96ICQHE" name="scripts.Jobsby_loc_test" tests="1" failures="0" timestamp="03 Oct 2018 05:36:35 GMT" time="48.783" errors="0">
  <testcase name="Jobsby_loc_test_method" time="48.783" classname="scripts.Jobsby_loc_test"/>
</testsuite> <!-- scripts.Jobsby_loc_test -->
