<?xml version="1.0" encoding="UTF-8"?>
<!-- Generated by org.testng.reporters.JUnitReportReporter -->
<testsuite skipped="0" hostname="DESKTOP-96ICQHE" name="scripts.Services_cert_test" tests="1" failures="0" timestamp="03 Oct 2018 05:36:35 GMT" time="42.589" errors="0">
  <testcase name="Services_cert_test_method" time="42.589" classname="scripts.Services_cert_test"/>
</testsuite> <!-- scripts.Services_cert_test -->
